0 info it worked if it ends with ok
1 verbose cli [ '/usr/bin/node', '/usr/bin/npm', 'run', 'dist-win' ]
2 info using npm@3.5.2
3 info using node@v8.10.0
4 verbose run-script [ 'predist-win', 'dist-win', 'postdist-win' ]
5 info lifecycle GoldWalletShell@0.3.7~predist-win: GoldWalletShell@0.3.7
6 silly lifecycle GoldWalletShell@0.3.7~predist-win: no script for predist-win, continuing
7 info lifecycle GoldWalletShell@0.3.7~dist-win: GoldWalletShell@0.3.7
8 verbose lifecycle GoldWalletShell@0.3.7~dist-win: unsafe-perm in lifecycle true
9 verbose lifecycle GoldWalletShell@0.3.7~dist-win: PATH: /usr/share/npm/bin/node-gyp-bin:/root/goldwallet/node_modules/.bin:/usr/local/sbin:/usr/local/bin:/usr/sbin:/usr/bin:/sbin:/bin:/usr/games:/usr/local/games:/snap/bin
10 verbose lifecycle GoldWalletShell@0.3.7~dist-win: CWD: /root/goldwallet
11 silly lifecycle GoldWalletShell@0.3.7~dist-win: Args: [ '-c',
11 silly lifecycle   'electron-builder --x64 --win -c.extraResources=./bin/win/DeroGold-service.exe' ]
12 silly lifecycle GoldWalletShell@0.3.7~dist-win: Returned: code: 1  signal: null
13 info lifecycle GoldWalletShell@0.3.7~dist-win: Failed to exec dist-win script
14 verbose stack Error: GoldWalletShell@0.3.7 dist-win: `electron-builder --x64 --win -c.extraResources=./bin/win/DeroGold-service.exe`
14 verbose stack Exit status 1
14 verbose stack     at EventEmitter.<anonymous> (/usr/share/npm/lib/utils/lifecycle.js:232:16)
14 verbose stack     at emitTwo (events.js:126:13)
14 verbose stack     at EventEmitter.emit (events.js:214:7)
14 verbose stack     at ChildProcess.<anonymous> (/usr/share/npm/lib/utils/spawn.js:24:14)
14 verbose stack     at emitTwo (events.js:126:13)
14 verbose stack     at ChildProcess.emit (events.js:214:7)
14 verbose stack     at maybeClose (internal/child_process.js:925:16)
14 verbose stack     at Process.ChildProcess._handle.onexit (internal/child_process.js:209:5)
15 verbose pkgid GoldWalletShell@0.3.7
16 verbose cwd /root/goldwallet
17 error Linux 4.15.0-58-generic
18 error argv "/usr/bin/node" "/usr/bin/npm" "run" "dist-win"
19 error node v8.10.0
20 error npm  v3.5.2
21 error code ELIFECYCLE
22 error GoldWalletShell@0.3.7 dist-win: `electron-builder --x64 --win -c.extraResources=./bin/win/DeroGold-service.exe`
22 error Exit status 1
23 error Failed at the GoldWalletShell@0.3.7 dist-win script 'electron-builder --x64 --win -c.extraResources=./bin/win/DeroGold-service.exe'.
23 error Make sure you have the latest version of node.js and npm installed.
23 error If you do, this is most likely a problem with the GoldWalletShell package,
23 error not with npm itself.
23 error Tell the author that this fails on your system:
23 error     electron-builder --x64 --win -c.extraResources=./bin/win/DeroGold-service.exe
23 error You can get information on how to open an issue for this project with:
23 error     npm bugs GoldWalletShell
23 error Or if that isn't available, you can get their info via:
23 error     npm owner ls GoldWalletShell
23 error There is likely additional logging output above.
24 verbose exit [ 1, true ]
